opac-de-hel1: title_en missing
rk-weimar: title_en missing
rk-oldb: title_en missing
fachopac-bal: title_en missing
fachopac-vor: title_en missing
fachopac-ang: title_en missing
fachopac-bbi: title_en missing
fachopac-for: title_en missing
fachopac-geo: title_en missing
fachopac-asia: title_en missing
fachopac-ast: title_en missing
fachopac-nord: title_en missing
fachopac-mat: title_en missing
fachopac-fin: title_en missing
fachopac-vifanord: title_en missing
fachopac-pha: title_en missing
fachopac-ggo: title_en missing
fachopacplus-geo: title_en missing
fachopacplus-ang: title_en missing
fachopacplus-sca: title_en missing
fachopacplus-vor: title_en missing
fachopacplus-ast: title_en missing
fachopacplus-pha: title_en missing
fachopacplus-bbi: title_en missing
fachopacplus-for: title_en missing
opac-de-616: title_en missing
thbb: title_en missing
rkoeb-th: title_en missing
rkoeb-ni: title_en missing
rkoeb-st: title_en missing
